
Showing logs for build [32mcb-kubecd-environment-pr-191-29-l7btz-1[0m stage [32mfrom-build-pack[0m and container [32mstep-credential-initializer-2znc7[0m
{"level":"warn","ts":1585327476.5560448,"logger":"fallback-logger","caller":"logging/config.go:69","msg":"Fetch GitHub commit ID from kodata failed: \"ref: refs/heads/0.8.0-**-support-backwards-incompats\" is not a valid GitHub commit ID"}
{"level":"info","ts":1585327476.5569463,"logger":"fallback-logger","caller":"creds-init/main.go:40","msg":"Credentials initialized."}

Showing logs for build [32mcb-kubecd-environment-pr-191-29-l7btz-1[0m stage [32mfrom-build-pack[0m and container [32mstep-working-dir-initializer-cl8jw[0m
{"level":"warn","ts":1585327477.6308937,"logger":"fallback-logger","caller":"logging/config.go:69","msg":"Fetch GitHub commit ID from kodata failed: open /var/run/ko/HEAD: no such file or directory"}
{"level":"info","ts":1585327477.6327019,"logger":"fallback-logger","caller":"bash/main.go:64","msg":"Successfully executed command \"sh -c mkdir -p /workspace/source\"; output "}

Showing logs for build [32mcb-kubecd-environment-pr-191-29-l7btz-1[0m stage [32mfrom-build-pack[0m and container [32mstep-place-tools[0m

Showing logs for build [32mcb-kubecd-environment-pr-191-29-l7btz-1[0m stage [32mfrom-build-pack[0m and container [32mstep-git-source-cb-kubecd-environment-pr-191-29-l7btz-mwfps[0m
{"level":"warn","ts":1585327482.7332382,"logger":"fallback-logger","caller":"logging/config.go:69","msg":"Fetch GitHub commit ID from kodata failed: \"ref: refs/heads/0.8.0-**-support-backwards-incompats\" is not a valid GitHub commit ID"}
{"level":"info","ts":1585327483.8593824,"logger":"fallback-logger","caller":"git/git.go:103","msg":"Successfully cloned https://github.com/cb-kubecd/environment-pr-191-29-boot-gke-production.git @ master in path /workspace/source"}

Showing logs for build [32mcb-kubecd-environment-pr-191-29-l7btz-1[0m stage [32mfrom-build-pack[0m and container [32mstep-git-merge[0m
Using SHAs from PULL_REFS=master:98c02f3cc2bbddb50a5fb891d834955a216ad146,1:33392e851ba71e44c43a7988ba8d2d450dc93a16
DEBUG: LC_ALL=C JX_LOG_LEVEL=error git fetch origin --unshallow 33392e851ba71e44c43a7988ba8d2d450dc93a16: 98c02f3cc2bbddb50a5fb891d834955a216ad146:
DEBUG: ran git fetch --unshallow origin 33392e851ba71e44c43a7988ba8d2d450dc93a16: 98c02f3cc2bbddb50a5fb891d834955a216ad146: in 
DEBUG: LC_ALL=C JX_LOG_LEVEL=error git branch
DEBUG: LC_ALL=C JX_LOG_LEVEL=error git checkout master
DEBUG: ran git checkout master in 
DEBUG: LC_ALL=C JX_LOG_LEVEL=error git reset --hard 98c02f3cc2bbddb50a5fb891d834955a216ad146
DEBUG: ran git reset --hard 98c02f3cc2bbddb50a5fb891d834955a216ad146 in 
DEBUG: LC_ALL=C JX_LOG_LEVEL=error git clean -fd .
DEBUG: ran clean --force -d . in 
DEBUG: LC_ALL=C JX_LOG_LEVEL=error git merge 33392e851ba71e44c43a7988ba8d2d450dc93a16
DEBUG: ran git merge 33392e851ba71e44c43a7988ba8d2d450dc93a16 in 
DEBUG: LC_ALL=C JX_LOG_LEVEL=error git log --format=%H%x1f%an%x1f%ae%x1f%cn%x1f%ce%x1f%s%n%b%x1e 98c02f3cc2bbddb50a5fb891d834955a216ad146..HEAD
Merged SHA 33392e851ba71e44c43a7988ba8d2d450dc93a16 with commit message 'chore: Promote bdd-spring-1585326575 to version 0.0.1' into base branch master

Showing logs for build [32mcb-kubecd-environment-pr-191-29-l7btz-1[0m stage [32mfrom-build-pack[0m and container [32mstep-build-helm-build[0m
WARNING: No $CHART_REPOSITORY defined so using the default value of: http://jenkins-x-chartmuseum:8080
Adding missing Helm repo: storage.googleapis.com https://storage.googleapis.com/chartmuseum.jenkins-x.io
WARNING: No secrets found on "helm/repos" due: reading the secret "helm/repos" from vault: no secret "helm/repos" not found in vault
Read credentials for https://storage.googleapis.com/chartmuseum.jenkins-x.io from vault helm/repos
Successfully added Helm repository storage.googleapis.com.
Adding missing Helm repo: jenkins-x-chartmuseum http://jenkins-x-chartmuseum:8080
WARNING: No secrets found on "helm/repos" due: reading the secret "helm/repos" from vault: no secret "helm/repos" not found in vault
Read credentials for http://jenkins-x-chartmuseum:8080 from vault helm/repos
Successfully added Helm repository jenkins-x-chartmuseum.
WARNING: No $CHART_REPOSITORY defined so using the default value of: http://jenkins-x-chartmuseum:8080
Adding missing Helm repo: chartmuseum.jenkins-x.io http://chartmuseum.jenkins-x.io
WARNING: No secrets found on "helm/repos" due: reading the secret "helm/repos" from vault: no secret "helm/repos" not found in vault
Read credentials for http://chartmuseum.jenkins-x.io from vault helm/repos
Successfully added Helm repository chartmuseum.jenkins-x.io.
